<?xml version="1.0" encoding="UTF-8"?>
<!-- Generated by org.testng.reporters.JUnitXMLReporter -->
<testsuite ignored="0" hostname="LAPTOP-6UBAU2B3" failures="2" tests="12" name="Edge Test" time="47.914" errors="0" timestamp="2023-11-11T17:26:04 IST">
  <testcase classname="io.cucumber.testng.AbstractTestNGCucumberTests" name="runScenario" time="36.246"/>
  <testcase classname="io.cucumber.testng.AbstractTestNGCucumberTests" name="runScenario" time="39.394"/>
  <testcase classname="io.cucumber.testng.AbstractTestNGCucumberTests" name="runScenario" time="41.621"/>
  <testcase classname="io.cucumber.testng.AbstractTestNGCucumberTests" name="runScenario" time="41.663"/>
  <testcase classname="io.cucumber.testng.AbstractTestNGCucumberTests" name="runScenario" time="44.217"/>
  <testcase classname="io.cucumber.testng.AbstractTestNGCucumberTests" name="runScenario" time="8.599"/>
  <testcase classname="io.cucumber.testng.AbstractTestNGCucumberTests" name="runScenario" time="44.939"/>
  <testcase classname="io.cucumber.testng.AbstractTestNGCucumberTests" name="runScenario" time="44.998">
    <failure type="java.lang.AssertionError" message="expected [Register Account] but found [Your Account Has Been Created!]">
      <![CDATA[java.lang.AssertionError: expected [Register Account] but found [Your Account Has Been Created!]
at stepDefinition.Registration.user_account_should_get_created_successfull(Registration.java:58)
at ✽.user account should get created successfull(file:///D:/Selenium%20project/Selenium_Tutorial_2023/SeleniumPractice2023/src/test/resource/featuress/Registration.feature:28)
... Removed 6 stack frames]]>
    </failure>
  </testcase> <!-- runScenario -->
  <testcase classname="io.cucumber.testng.AbstractTestNGCucumberTests" name="runScenario" time="45.652">
    <failure type="java.lang.AssertionError" message="expected [Register Account] but found [Your Account Has Been Created!]">
      <![CDATA[java.lang.AssertionError: expected [Register Account] but found [Your Account Has Been Created!]
at stepDefinition.Registration.user_account_should_get_created_successfull(Registration.java:58)
at ✽.user account should get created successfull(file:///D:/Selenium%20project/Selenium_Tutorial_2023/SeleniumPractice2023/src/test/resource/featuress/Registration.feature:14)
... Removed 6 stack frames]]>
    </failure>
  </testcase> <!-- runScenario -->
  <testcase classname="io.cucumber.testng.AbstractTestNGCucumberTests" name="runScenario" time="46.418"/>
  <testcase classname="io.cucumber.testng.AbstractTestNGCucumberTests" name="runScenario" time="46.542"/>
  <testcase classname="io.cucumber.testng.AbstractTestNGCucumberTests" name="runScenario" time="8.446"/>
</testsuite> <!-- Edge Test -->
