<html>
<head>
<title>TestNG:  Edge Test</title>
<link href="../testng.css" rel="stylesheet" type="text/css" />
<link href="../my-testng.css" rel="stylesheet" type="text/css" />

<style type="text/css">
.log { display: none;} 
.stack-trace { display: none;} 
</style>
<script type="text/javascript">
<!--
function flip(e) {
  current = e.style.display;
  if (current == 'block') {
    e.style.display = 'none';
    return 0;
  }
  else {
    e.style.display = 'block';
    return 1;
  }
}

function toggleBox(szDivId, elem, msg1, msg2)
{
  var res = -1;  if (document.getElementById) {
    res = flip(document.getElementById(szDivId));
  }
  else if (document.all) {
    // this is the way old msie versions work
    res = flip(document.all[szDivId]);
  }
  if(elem) {
    if(res == 0) elem.innerHTML = msg1; else elem.innerHTML = msg2;
  }

}

function toggleAllBoxes() {
  if (document.getElementsByTagName) {
    d = document.getElementsByTagName('div');
    for (i = 0; i < d.length; i++) {
      if (d[i].className == 'log') {
        flip(d[i]);
      }
    }
  }
}

// -->
</script>

</head>
<body>
<h2 align='center'>Edge Test</h2><table border='1' align="center">
<tr>
<td>Tests passed/Failed/Skipped:</td><td>10/2/0</td>
</tr><tr>
<td>Started on:</td><td>Sat Nov 11 17:25:16 IST 2023</td>
</tr>
<tr><td>Total time:</td><td>47 seconds (47914 ms)</td>
</tr><tr>
<td>Included groups:</td><td></td>
</tr><tr>
<td>Excluded groups:</td><td></td>
</tr>
</table><p/>
<small><i>(Hover the method name to see the test class name)</i></small><p/>
<table width='100%' border='1' class='invocation-failed'>
<tr><td colspan='4' align='center'><b>FAILED TESTS</b></td></tr>
<tr><td><b>Test method</b></td>
<td><b>Attribute(s)</b></td>
<td width="30%"><b>Exception</b></td>
<td width="10%"><b>Time (seconds)</b></td>
<td><b>Instance</b></td>
</tr>
<tr>
<td title='myRunner.TestRunner.runScenario()'><b>runScenario</b><br>Test class: myRunner.TestRunner<br>Test method: Runs Cucumber Scenarios<br>Parameters: "User creates an account only with all fields", "Registration Functionality"</td>
<td><div><pre>java.lang.AssertionError: expected [Register Account] but found [Your Account Has Been Created!]
	at stepDefinition.Registration.user_account_should_get_created_successfull(Registration.java:58)
	at ✽.user account should get created successfull(file:///D:/Selenium%20project/Selenium_Tutorial_2023/SeleniumPractice2023/src/test/resource/featuress/Registration.feature:28)
... Removed 6 stack frames</pre></div><a href='#' onClick='toggleBox("stack-trace1882913247", this, "Click to show all stack frames", "Click to hide stack frames")'>Click to show all stack frames</a>
<div class='stack-trace' id='stack-trace1882913247'><pre>java.lang.AssertionError: expected [Register Account] but found [Your Account Has Been Created!]
	at org.testng.Assert.fail(Assert.java:111)
	at org.testng.Assert.failNotEquals(Assert.java:1578)
	at org.testng.Assert.assertEqualsImpl(Assert.java:150)
	at org.testng.Assert.assertEquals(Assert.java:132)
	at org.testng.Assert.assertEquals(Assert.java:656)
	at org.testng.Assert.assertEquals(Assert.java:666)
	at stepDefinition.Registration.user_account_should_get_created_successfull(Registration.java:58)
	at ✽.user account should get created successfull(file:///D:/Selenium%20project/Selenium_Tutorial_2023/SeleniumPractice2023/src/test/resource/featuress/Registration.feature:28)
</pre></div></td>
<td>44</td>
<td>myRunner.TestRunner@58ea606c</td></tr>
<tr>
<td title='myRunner.TestRunner.runScenario()'><b>runScenario</b><br>Test class: myRunner.TestRunner<br>Test method: Runs Cucumber Scenarios<br>Parameters: "User creates an account only with mandatory fields", "Registration Functionality"</td>
<td><div><pre>java.lang.AssertionError: expected [Register Account] but found [Your Account Has Been Created!]
	at stepDefinition.Registration.user_account_should_get_created_successfull(Registration.java:58)
	at ✽.user account should get created successfull(file:///D:/Selenium%20project/Selenium_Tutorial_2023/SeleniumPractice2023/src/test/resource/featuress/Registration.feature:14)
... Removed 6 stack frames</pre></div><a href='#' onClick='toggleBox("stack-trace618853047", this, "Click to show all stack frames", "Click to hide stack frames")'>Click to show all stack frames</a>
<div class='stack-trace' id='stack-trace618853047'><pre>java.lang.AssertionError: expected [Register Account] but found [Your Account Has Been Created!]
	at org.testng.Assert.fail(Assert.java:111)
	at org.testng.Assert.failNotEquals(Assert.java:1578)
	at org.testng.Assert.assertEqualsImpl(Assert.java:150)
	at org.testng.Assert.assertEquals(Assert.java:132)
	at org.testng.Assert.assertEquals(Assert.java:656)
	at org.testng.Assert.assertEquals(Assert.java:666)
	at stepDefinition.Registration.user_account_should_get_created_successfull(Registration.java:58)
	at ✽.user account should get created successfull(file:///D:/Selenium%20project/Selenium_Tutorial_2023/SeleniumPractice2023/src/test/resource/featuress/Registration.feature:14)
</pre></div></td>
<td>45</td>
<td>myRunner.TestRunner@58ea606c</td></tr>
</table><p>
<table width='100%' border='1' class='invocation-passed'>
<tr><td colspan='4' align='center'><b>PASSED TESTS</b></td></tr>
<tr><td><b>Test method</b></td>
<td><b>Attribute(s)</b></td>
<td width="30%"><b>Exception</b></td>
<td width="10%"><b>Time (seconds)</b></td>
<td><b>Instance</b></td>
</tr>
<tr>
<td title='myRunner.TestRunner.runScenario()'><b>runScenario</b><br>Test class: myRunner.TestRunner<br>Test method: Runs Cucumber Scenarios<br>Parameters: "Login with valid credentials", "Login Functionality"</td>
<td></td>
<td>46</td>
<td>myRunner.TestRunner@58ea606c</td></tr>
<tr>
<td title='myRunner.TestRunner.runScenario()'><b>runScenario</b><br>Test class: myRunner.TestRunner<br>Test method: Runs Cucumber Scenarios<br>Parameters: "User creates an duplicate account", "Registration Functionality"</td>
<td></td>
<td>46</td>
<td>myRunner.TestRunner@58ea606c</td></tr>
<tr>
<td title='myRunner.TestRunner.runScenario()'><b>runScenario</b><br>Test class: myRunner.TestRunner<br>Test method: Runs Cucumber Scenarios<br>Parameters: "user create an account without filling any details", "Registration Functionality"</td>
<td></td>
<td>36</td>
<td>myRunner.TestRunner@58ea606c</td></tr>
<tr>
<td title='myRunner.TestRunner.runScenario()'><b>runScenario</b><br>Test class: myRunner.TestRunner<br>Test method: Runs Cucumber Scenarios<br>Parameters: "User searches for valid products", "Search Functionality"</td>
<td></td>
<td>39</td>
<td>myRunner.TestRunner@58ea606c</td></tr>
<tr>
<td title='myRunner.TestRunner.runScenario()'><b>runScenario</b><br>Test class: myRunner.TestRunner<br>Test method: Runs Cucumber Scenarios<br>Parameters: "Login without any  credentials", "Login Functionality"</td>
<td></td>
<td>41</td>
<td>myRunner.TestRunner@58ea606c</td></tr>
<tr>
<td title='myRunner.TestRunner.runScenario()'><b>runScenario</b><br>Test class: myRunner.TestRunner<br>Test method: Runs Cucumber Scenarios<br>Parameters: "User searches for invalid products", "Search Functionality"</td>
<td></td>
<td>8</td>
<td>myRunner.TestRunner@58ea606c</td></tr>
<tr>
<td title='myRunner.TestRunner.runScenario()'><b>runScenario</b><br>Test class: myRunner.TestRunner<br>Test method: Runs Cucumber Scenarios<br>Parameters: "User searches for without any product", "Search Functionality"</td>
<td></td>
<td>8</td>
<td>myRunner.TestRunner@58ea606c</td></tr>
<tr>
<td title='myRunner.TestRunner.runScenario()'><b>runScenario</b><br>Test class: myRunner.TestRunner<br>Test method: Runs Cucumber Scenarios<br>Parameters: "Login with Invalid credentials", "Login Functionality"</td>
<td></td>
<td>44</td>
<td>myRunner.TestRunner@58ea606c</td></tr>
<tr>
<td title='myRunner.TestRunner.runScenario()'><b>runScenario</b><br>Test class: myRunner.TestRunner<br>Test method: Runs Cucumber Scenarios<br>Parameters: "Login with Invalid email and valid password credentials", "Login Functionality"</td>
<td></td>
<td>44</td>
<td>myRunner.TestRunner@58ea606c</td></tr>
<tr>
<td title='myRunner.TestRunner.runScenario()'><b>runScenario</b><br>Test class: myRunner.TestRunner<br>Test method: Runs Cucumber Scenarios<br>Parameters: "Login with valid email and invalid password credentials", "Login Functionality"</td>
<td></td>
<td>41</td>
<td>myRunner.TestRunner@58ea606c</td></tr>
</table><p>
</body>
</html>