<?xml version="1.0" encoding="UTF-8"?>
<!-- Generated by org.testng.reporters.JUnitReportReporter -->
<testsuite hostname="LAPTOP-6UBAU2B3" failures="1" tests="12" name="myRunner.TestRunner" time="71.937" errors="0" timestamp="2023-10-15T23:32:51 IST" skipped="0">
  <testcase classname="myRunner.TestRunner" name="runScenario" time="5.259"/>
  <testcase classname="myRunner.TestRunner" name="runScenario" time="6.146"/>
  <testcase classname="myRunner.TestRunner" name="runScenario" time="4.731"/>
  <testcase classname="myRunner.TestRunner" name="runScenario" time="4.846"/>
  <testcase classname="myRunner.TestRunner" name="runScenario" time="6.645"/>
  <testcase classname="myRunner.TestRunner" name="runScenario" time="5.711"/>
  <testcase classname="myRunner.TestRunner" name="runScenario" time="6.475">
    <failure message="expected [Register Account] but found [Your Account Has Been Created!]" type="java.lang.AssertionError">
      <![CDATA[java.lang.AssertionError: expected [Register Account] but found [Your Account Has Been Created!]
at org.testng.Assert.fail(Assert.java:111)
at org.testng.Assert.failNotEquals(Assert.java:1578)
at org.testng.Assert.assertEqualsImpl(Assert.java:150)
at org.testng.Assert.assertEquals(Assert.java:132)
at org.testng.Assert.assertEquals(Assert.java:656)
at org.testng.Assert.assertEquals(Assert.java:666)
at stepDefinition.Registration.user_account_should_get_created_successfull(Registration.java:58)
at âœ½.user account should get created successfull(file:///D:/Selenium%20project/Selenium_Tutorial_2023/SeleniumPractice2023/src/test/resource/featuress/Registration.feature:28)
]]>
    </failure>
  </testcase> <!-- runScenario -->
  <testcase classname="myRunner.TestRunner" name="runScenario" time="7.554"/>
  <testcase classname="myRunner.TestRunner" name="runScenario" time="5.039"/>
  <testcase classname="myRunner.TestRunner" name="runScenario" time="7.482"/>
  <testcase classname="myRunner.TestRunner" name="runScenario" time="7.905"/>
  <testcase classname="myRunner.TestRunner" name="runScenario" time="4.144"/>
</testsuite> <!-- myRunner.TestRunner -->
